# JRE version: OpenJDK Runtime Environment (8.0_242-b01) (build 1.8.0_242-release-1644-b01)
# Java VM: OpenJDK 64-Bit Server VM (25.242-b01 mixed mode windows-amd64 compressed oops)
Heap:
 PSYoungGen      total 476672K, used 354211K [0x00000000d5580000, 0x00000000fba00000, 0x0000000100000000)
  eden space 439808K, 80% used [0x00000000d5580000,0x00000000eaf68cf0,0x00000000f0300000)
  from space 36864K, 0% used [0x00000000f0300000,0x00000000f0300000,0x00000000f2700000)
  to   space 93696K, 0% used [0x00000000f5e80000,0x00000000f5e80000,0x00000000fba00000)
 ParOldGen       total 218624K, used 42932K [0x0000000080000000, 0x000000008d580000, 0x00000000d5580000)
  object space 218624K, 19% used [0x0000000080000000,0x00000000829ed1b8,0x000000008d580000)
 Metaspace       used 111949K, capacity 117940K, committed 123328K, reserved 1157120K
  class space    used 14462K, capacity 15520K, committed 16576K, reserved 1048576K
GC Heap History (10 events):
Event: 1092.395 GC heap before
{Heap before GC invocations=28 (full 4):
 PSYoungGen      total 390144K, used 390129K [0x00000000d5580000, 0x00000000f7500000, 0x0000000100000000)
  eden space 337408K, 100% used [0x00000000d5580000,0x00000000e9f00000,0x00000000e9f00000)
  from space 52736K, 99% used [0x00000000e9f00000,0x00000000ed27c418,0x00000000ed280000)
  to   space 74752K, 0% used [0x00000000f2c00000,0x00000000f2c00000,0x00000000f7500000)
 ParOldGen       total 218624K, used 124763K [0x0000000080000000, 0x000000008d580000, 0x00000000d5580000)
  object space 218624K, 57% used [0x0000000080000000,0x00000000879d6d20,0x000000008d580000)
 Metaspace       used 113004K, capacity 119420K, committed 119488K, reserved 1153024K
  class space    used 14811K, capacity 16032K, committed 16064K, reserved 1048576K
Event: 1092.499 GC heap after
Heap after GC invocations=28 (full 4):
 PSYoungGen      total 469504K, used 49890K [0x00000000d5580000, 0x00000000f7200000, 0x0000000100000000)
  eden space 397824K, 0% used [0x00000000d5580000,0x00000000d5580000,0x00000000eda00000)
  from space 71680K, 69% used [0x00000000f2c00000,0x00000000f5cb8be8,0x00000000f7200000)
  to   space 77824K, 0% used [0x00000000eda00000,0x00000000eda00000,0x00000000f2600000)
 ParOldGen       total 218624K, used 131260K [0x0000000080000000, 0x000000008d580000, 0x00000000d5580000)
  object space 218624K, 60% used [0x0000000080000000,0x000000008802f250,0x000000008d580000)
 Metaspace       used 113004K, capacity 119420K, committed 119488K, reserved 1153024K
  class space    used 14811K, capacity 16032K, committed 16064K, reserved 1048576K
}
Event: 1118.044 GC heap before
{Heap before GC invocations=29 (full 4):
 PSYoungGen      total 469504K, used 447714K [0x00000000d5580000, 0x00000000f7200000, 0x0000000100000000)
  eden space 397824K, 100% used [0x00000000d5580000,0x00000000eda00000,0x00000000eda00000)
  from space 71680K, 69% used [0x00000000f2c00000,0x00000000f5cb8be8,0x00000000f7200000)
  to   space 77824K, 0% used [0x00000000eda00000,0x00000000eda00000,0x00000000f2600000)
 ParOldGen       total 218624K, used 131260K [0x0000000080000000, 0x000000008d580000, 0x00000000d5580000)
  object space 218624K, 60% used [0x0000000080000000,0x000000008802f250,0x000000008d580000)
 Metaspace       used 113812K, capacity 120490K, committed 120640K, reserved 1153024K
  class space    used 14887K, capacity 16139K, committed 16192K, reserved 1048576K
Event: 1118.269 GC heap after
Heap after GC invocations=29 (full 4):
 PSYoungGen      total 475648K, used 77813K [0x00000000d5580000, 0x00000000fcf80000, 0x0000000100000000)
  eden space 397824K, 0% used [0x00000000d5580000,0x00000000d5580000,0x00000000eda00000)
  from space 77824K, 99% used [0x00000000eda00000,0x00000000f25fd630,0x00000000f2600000)
  to   space 100864K, 0% used [0x00000000f6d00000,0x00000000f6d00000,0x00000000fcf80000)
 ParOldGen       total 218624K, used 159624K [0x0000000080000000, 0x000000008d580000, 0x00000000d5580000)
  object space 218624K, 73% used [0x0000000080000000,0x0000000089be2310,0x000000008d580000)
 Metaspace       used 113812K, capacity 120490K, committed 120640K, reserved 1153024K
  class space    used 14887K, capacity 16139K, committed 16192K, reserved 1048576K
}
Event: 1286.351 GC heap before
{Heap before GC invocations=30 (full 4):
 PSYoungGen      total 475648K, used 475637K [0x00000000d5580000, 0x00000000fcf80000, 0x0000000100000000)
  eden space 397824K, 100% used [0x00000000d5580000,0x00000000eda00000,0x00000000eda00000)
  from space 77824K, 99% used [0x00000000eda00000,0x00000000f25fd630,0x00000000f2600000)
  to   space 100864K, 0% used [0x00000000f6d00000,0x00000000f6d00000,0x00000000fcf80000)
 ParOldGen       total 218624K, used 159624K [0x0000000080000000, 0x000000008d580000, 0x00000000d5580000)
  object space 218624K, 73% used [0x0000000080000000,0x0000000089be2310,0x000000008d580000)
 Metaspace       used 114860K, capacity 121930K, committed 122176K, reserved 1155072K
  class space    used 15016K, capacity 16337K, committed 16448K, reserved 1048576K
Event: 1286.429 GC heap after
Heap after GC invocations=30 (full 4):
 PSYoungGen      total 529920K, used 50070K [0x00000000d5580000, 0x00000000fc500000, 0x0000000100000000)
  eden space 439808K, 0% used [0x00000000d5580000,0x00000000d5580000,0x00000000f0300000)
  from space 90112K, 55% used [0x00000000f6d00000,0x00000000f9de5a98,0x00000000fc500000)
  to   space 99328K, 0% used [0x00000000f0300000,0x00000000f0300000,0x00000000f6400000)
 ParOldGen       total 218624K, used 170797K [0x0000000080000000, 0x000000008d580000, 0x00000000d5580000)
  object space 218624K, 78% used [0x0000000080000000,0x000000008a6cb5e0,0x000000008d580000)
 Metaspace       used 114860K, capacity 121930K, committed 122176K, reserved 1155072K
  class space    used 15016K, capacity 16337K, committed 16448K, reserved 1048576K
}
Event: 4542.497 GC heap before
{Heap before GC invocations=31 (full 4):
 PSYoungGen      total 529920K, used 411492K [0x00000000d5580000, 0x00000000fc500000, 0x0000000100000000)
  eden space 439808K, 82% used [0x00000000d5580000,0x00000000eb6736a0,0x00000000f0300000)
  from space 90112K, 55% used [0x00000000f6d00000,0x00000000f9de5a98,0x00000000fc500000)
  to   space 99328K, 0% used [0x00000000f0300000,0x00000000f0300000,0x00000000f6400000)
 ParOldGen       total 218624K, used 170797K [0x0000000080000000, 0x000000008d580000, 0x00000000d5580000)
  object space 218624K, 78% used [0x0000000080000000,0x000000008a6cb5e0,0x000000008d580000)
 Metaspace       used 115609K, capacity 123036K, committed 123328K, reserved 1157120K
  class space    used 15093K, capacity 16478K, committed 16576K, reserved 1048576K
Event: 4542.623 GC heap after
Heap after GC invocations=31 (full 4):
 PSYoungGen      total 476672K, used 36666K [0x00000000d5580000, 0x00000000fba00000, 0x0000000100000000)
  eden space 439808K, 0% used [0x00000000d5580000,0x00000000d5580000,0x00000000f0300000)
  from space 36864K, 99% used [0x00000000f0300000,0x00000000f26cea30,0x00000000f2700000)
  to   space 93696K, 0% used [0x00000000f5e80000,0x00000000f5e80000,0x00000000fba00000)
 ParOldGen       total 218624K, used 170805K [0x0000000080000000, 0x000000008d580000, 0x00000000d5580000)
  object space 218624K, 78% used [0x0000000080000000,0x000000008a6cd5e0,0x000000008d580000)
 Metaspace       used 115609K, capacity 123036K, committed 123328K, reserved 1157120K
  class space    used 15093K, capacity 16478K, committed 16576K, reserved 1048576K
}
Event: 4542.623 GC heap before
{Heap before GC invocations=32 (full 5):
 PSYoungGen      total 476672K, used 36666K [0x00000000d5580000, 0x00000000fba00000, 0x0000000100000000)
  eden space 439808K, 0% used [0x00000000d5580000,0x00000000d5580000,0x00000000f0300000)
  from space 36864K, 99% used [0x00000000f0300000,0x00000000f26cea30,0x00000000f2700000)
  to   space 93696K, 0% used [0x00000000f5e80000,0x00000000f5e80000,0x00000000fba00000)
 ParOldGen       total 218624K, used 170805K [0x0000000080000000, 0x000000008d580000, 0x00000000d5580000)
  object space 218624K, 78% used [0x0000000080000000,0x000000008a6cd5e0,0x000000008d580000)
 Metaspace       used 115609K, capacity 123036K, committed 123328K, reserved 1157120K
  class space    used 15093K, capacity 16478K, committed 16576K, reserved 1048576K
Event: 4543.206 GC heap after
Heap after GC invocations=32 (full 5):
 PSYoungGen      total 476672K, used 0K [0x00000000d5580000, 0x00000000fba00000, 0x0000000100000000)
  eden space 439808K, 0% used [0x00000000d5580000,0x00000000d5580000,0x00000000f0300000)
  from space 36864K, 0% used [0x00000000f0300000,0x00000000f0300000,0x00000000f2700000)
  to   space 93696K, 0% used [0x00000000f5e80000,0x00000000f5e80000,0x00000000fba00000)
 ParOldGen       total 218624K, used 42932K [0x0000000080000000, 0x000000008d580000, 0x00000000d5580000)
  object space 218624K, 19% used [0x0000000080000000,0x00000000829ed1b8,0x000000008d580000)
 Metaspace       used 110388K, capacity 115282K, committed 123328K, reserved 1157120K
  class space    used 14195K, capacity 15086K, committed 16576K, reserved 1048576K
}

